{"/home/jordan/Documents/Developpements/pitly-mongoose/app.js":{"path":"/home/jordan/Documents/Developpements/pitly-mongoose/app.js","s":{"1":1,"2":1,"3":1,"4":1,"5":1,"6":1,"7":1,"8":1,"9":1,"10":1,"11":1,"12":1,"13":1,"14":1,"15":1,"16":1,"17":1,"18":1,"19":1,"20":1,"21":1,"22":1,"23":1,"24":1,"25":1,"26":1,"27":1,"28":1,"29":1,"30":0,"31":0,"32":1},"b":{"1":[1,0],"2":[1,0],"3":[0,0]},"f":{"1":1,"2":1,"3":0},"fnMap":{"1":{"name":"(anonymous_1)","line":31,"loc":{"start":{"line":31,"column":8},"end":{"line":31,"column":33}}},"2":{"name":"(anonymous_2)","line":42,"loc":{"start":{"line":42,"column":10},"end":{"line":42,"column":40}}},"3":{"name":"(anonymous_3)","line":53,"loc":{"start":{"line":53,"column":8},"end":{"line":53,"column":38}}}},"statementMap":{"1":{"start":{"line":1,"column":0},"end":{"line":1,"column":38}},"2":{"start":{"line":2,"column":0},"end":{"line":2,"column":35}},"3":{"start":{"line":3,"column":0},"end":{"line":3,"column":44}},"4":{"start":{"line":4,"column":0},"end":{"line":4,"column":37}},"5":{"start":{"line":5,"column":0},"end":{"line":5,"column":44}},"6":{"start":{"line":6,"column":0},"end":{"line":6,"column":42}},"7":{"start":{"line":8,"column":0},"end":{"line":8,"column":41}},"8":{"start":{"line":9,"column":0},"end":{"line":9,"column":39}},"9":{"start":{"line":10,"column":0},"end":{"line":10,"column":35}},"10":{"start":{"line":12,"column":0},"end":{"line":12,"column":20}},"11":{"start":{"line":14,"column":0},"end":{"line":14,"column":52}},"12":{"start":{"line":16,"column":0},"end":{"line":16,"column":48}},"13":{"start":{"line":17,"column":0},"end":{"line":17,"column":31}},"14":{"start":{"line":21,"column":0},"end":{"line":21,"column":23}},"15":{"start":{"line":22,"column":0},"end":{"line":22,"column":27}},"16":{"start":{"line":23,"column":0},"end":{"line":23,"column":52}},"17":{"start":{"line":24,"column":0},"end":{"line":24,"column":24}},"18":{"start":{"line":25,"column":0},"end":{"line":25,"column":56}},"19":{"start":{"line":27,"column":0},"end":{"line":27,"column":21}},"20":{"start":{"line":28,"column":0},"end":{"line":28,"column":21}},"21":{"start":{"line":31,"column":0},"end":{"line":35,"column":3}},"22":{"start":{"line":32,"column":2},"end":{"line":32,"column":35}},"23":{"start":{"line":33,"column":2},"end":{"line":33,"column":19}},"24":{"start":{"line":34,"column":2},"end":{"line":34,"column":12}},"25":{"start":{"line":41,"column":0},"end":{"line":49,"column":1}},"26":{"start":{"line":42,"column":2},"end":{"line":48,"column":5}},"27":{"start":{"line":43,"column":4},"end":{"line":43,"column":34}},"28":{"start":{"line":44,"column":4},"end":{"line":47,"column":7}},"29":{"start":{"line":53,"column":0},"end":{"line":59,"column":3}},"30":{"start":{"line":54,"column":2},"end":{"line":54,"column":32}},"31":{"start":{"line":55,"column":2},"end":{"line":58,"column":5}},"32":{"start":{"line":62,"column":0},"end":{"line":62,"column":21}}},"branchMap":{"1":{"line":41,"type":"if","locations":[{"start":{"line":41,"column":0},"end":{"line":41,"column":0}},{"start":{"line":41,"column":0},"end":{"line":41,"column":0}}]},"2":{"line":43,"type":"binary-expr","locations":[{"start":{"line":43,"column":15},"end":{"line":43,"column":25}},{"start":{"line":43,"column":29},"end":{"line":43,"column":32}}]},"3":{"line":54,"type":"binary-expr","locations":[{"start":{"line":54,"column":13},"end":{"line":54,"column":23}},{"start":{"line":54,"column":27},"end":{"line":54,"column":30}}]}}},"/home/jordan/Documents/Developpements/pitly-mongoose/routes/index.js":{"path":"/home/jordan/Documents/Developpements/pitly-mongoose/routes/index.js","s":{"1":1,"2":1,"3":1,"4":1,"5":0,"6":1,"7":1,"8":1,"9":0,"10":1},"b":{},"f":{"1":0,"2":1,"3":1,"4":0},"fnMap":{"1":{"name":"(anonymous_1)","line":6,"loc":{"start":{"line":6,"column":16},"end":{"line":6,"column":41}}},"2":{"name":"(anonymous_2)","line":12,"loc":{"start":{"line":12,"column":24},"end":{"line":12,"column":43}}},"3":{"name":"(anonymous_3)","line":13,"loc":{"start":{"line":13,"column":45},"end":{"line":13,"column":61}}},"4":{"name":"(anonymous_4)","line":15,"loc":{"start":{"line":15,"column":5},"end":{"line":15,"column":19}}}},"statementMap":{"1":{"start":{"line":1,"column":0},"end":{"line":1,"column":33}},"2":{"start":{"line":2,"column":0},"end":{"line":2,"column":31}},"3":{"start":{"line":3,"column":0},"end":{"line":3,"column":39}},"4":{"start":{"line":6,"column":0},"end":{"line":8,"column":3}},"5":{"start":{"line":7,"column":2},"end":{"line":7,"column":44}},"6":{"start":{"line":12,"column":0},"end":{"line":18,"column":3}},"7":{"start":{"line":13,"column":2},"end":{"line":17,"column":5}},"8":{"start":{"line":14,"column":4},"end":{"line":14,"column":28}},"9":{"start":{"line":16,"column":4},"end":{"line":16,"column":32}},"10":{"start":{"line":20,"column":0},"end":{"line":20,"column":24}}},"branchMap":{}},"/home/jordan/Documents/Developpements/pitly-mongoose/models/Url.js":{"path":"/home/jordan/Documents/Developpements/pitly-mongoose/models/Url.js","s":{"1":1,"2":1,"3":1,"4":1,"5":1,"6":1,"7":22,"8":22,"9":22,"10":22,"11":1,"12":2,"13":1,"14":5,"15":1,"16":3,"17":1,"18":24,"19":0,"20":0,"21":24,"22":24,"23":24,"24":22,"25":2,"26":2,"27":1,"28":1,"29":1,"30":0,"31":1},"b":{"1":[0,24],"2":[24,24],"3":[22,2],"4":[24,22]},"f":{"1":22,"2":22,"3":2,"4":5,"5":3,"6":24,"7":2},"fnMap":{"1":{"name":"(anonymous_1)","line":12,"loc":{"start":{"line":12,"column":22},"end":{"line":12,"column":37}}},"2":{"name":"(anonymous_2)","line":14,"loc":{"start":{"line":14,"column":24},"end":{"line":14,"column":43}}},"3":{"name":"(anonymous_3)","line":20,"loc":{"start":{"line":20,"column":28},"end":{"line":20,"column":39}}},"4":{"name":"(anonymous_4)","line":24,"loc":{"start":{"line":24,"column":30},"end":{"line":24,"column":44}}},"5":{"name":"(anonymous_5)","line":28,"loc":{"start":{"line":28,"column":34},"end":{"line":28,"column":53}}},"6":{"name":"(anonymous_6)","line":32,"loc":{"start":{"line":32,"column":31},"end":{"line":32,"column":49}}},"7":{"name":"(anonymous_7)","line":43,"loc":{"start":{"line":43,"column":23},"end":{"line":43,"column":49}}}},"statementMap":{"1":{"start":{"line":1,"column":0},"end":{"line":1,"column":35}},"2":{"start":{"line":2,"column":0},"end":{"line":2,"column":29}},"3":{"start":{"line":3,"column":0},"end":{"line":3,"column":31}},"4":{"start":{"line":4,"column":0},"end":{"line":4,"column":33}},"5":{"start":{"line":7,"column":0},"end":{"line":10,"column":3}},"6":{"start":{"line":12,"column":0},"end":{"line":18,"column":3}},"7":{"start":{"line":13,"column":2},"end":{"line":13,"column":18}},"8":{"start":{"line":14,"column":2},"end":{"line":17,"column":5}},"9":{"start":{"line":15,"column":4},"end":{"line":15,"column":28}},"10":{"start":{"line":16,"column":4},"end":{"line":16,"column":11}},"11":{"start":{"line":20,"column":0},"end":{"line":22,"column":2}},"12":{"start":{"line":21,"column":2},"end":{"line":21,"column":45}},"13":{"start":{"line":24,"column":0},"end":{"line":26,"column":2}},"14":{"start":{"line":25,"column":2},"end":{"line":25,"column":59}},"15":{"start":{"line":28,"column":0},"end":{"line":30,"column":2}},"16":{"start":{"line":29,"column":2},"end":{"line":29,"column":66}},"17":{"start":{"line":32,"column":0},"end":{"line":47,"column":2}},"18":{"start":{"line":33,"column":2},"end":{"line":38,"column":3}},"19":{"start":{"line":34,"column":4},"end":{"line":34,"column":13}},"20":{"start":{"line":35,"column":4},"end":{"line":35,"column":19}},"21":{"start":{"line":37,"column":4},"end":{"line":37,"column":26}},"22":{"start":{"line":39,"column":2},"end":{"line":39,"column":80}},"23":{"start":{"line":40,"column":2},"end":{"line":46,"column":3}},"24":{"start":{"line":41,"column":4},"end":{"line":41,"column":16}},"25":{"start":{"line":43,"column":4},"end":{"line":45,"column":7}},"26":{"start":{"line":44,"column":6},"end":{"line":44,"column":23}},"27":{"start":{"line":49,"column":0},"end":{"line":49,"column":13}},"28":{"start":{"line":52,"column":0},"end":{"line":56,"column":1}},"29":{"start":{"line":53,"column":2},"end":{"line":53,"column":46}},"30":{"start":{"line":55,"column":2},"end":{"line":55,"column":35}},"31":{"start":{"line":58,"column":0},"end":{"line":58,"column":26}}},"branchMap":{"1":{"line":33,"type":"if","locations":[{"start":{"line":33,"column":2},"end":{"line":33,"column":2}},{"start":{"line":33,"column":2},"end":{"line":33,"column":2}}]},"2":{"line":37,"type":"binary-expr","locations":[{"start":{"line":37,"column":10},"end":{"line":37,"column":13}},{"start":{"line":37,"column":17},"end":{"line":37,"column":25}}]},"3":{"line":40,"type":"if","locations":[{"start":{"line":40,"column":2},"end":{"line":40,"column":2}},{"start":{"line":40,"column":2},"end":{"line":40,"column":2}}]},"4":{"line":40,"type":"binary-expr","locations":[{"start":{"line":40,"column":5},"end":{"line":40,"column":7}},{"start":{"line":40,"column":11},"end":{"line":40,"column":34}}]}}},"/home/jordan/Documents/Developpements/pitly-mongoose/routes/api.js":{"path":"/home/jordan/Documents/Developpements/pitly-mongoose/routes/api.js","s":{"1":1,"2":1,"3":1,"4":1,"5":0,"6":0,"7":0,"8":1,"9":1,"10":1,"11":4,"12":1,"13":3,"14":2,"15":2,"16":2,"17":1,"18":1,"19":3,"20":3,"21":3,"22":1,"23":2,"24":2,"25":2,"26":0,"27":2,"28":1,"29":1,"30":1,"31":1,"32":0,"33":1,"34":1,"35":1,"36":0,"37":1},"b":{"1":[1,3],"2":[2,1],"3":[2,0],"4":[1,2],"5":[0,2]},"f":{"1":0,"2":1,"3":4,"4":1,"5":3,"6":3,"7":2,"8":1,"9":1,"10":0,"11":1,"12":1,"13":0},"fnMap":{"1":{"name":"(anonymous_1)","line":6,"loc":{"start":{"line":6,"column":16},"end":{"line":6,"column":41}}},"2":{"name":"(anonymous_2)","line":13,"loc":{"start":{"line":13,"column":21},"end":{"line":13,"column":40}}},"3":{"name":"(anonymous_3)","line":21,"loc":{"start":{"line":21,"column":7},"end":{"line":21,"column":26}}},"4":{"name":"(anonymous_4)","line":30,"loc":{"start":{"line":30,"column":29},"end":{"line":30,"column":44}}},"5":{"name":"(anonymous_5)","line":35,"loc":{"start":{"line":35,"column":8},"end":{"line":35,"column":27}}},"6":{"name":"(anonymous_6)","line":38,"loc":{"start":{"line":38,"column":37},"end":{"line":38,"column":52}}},"7":{"name":"(anonymous_7)","line":43,"loc":{"start":{"line":43,"column":17},"end":{"line":43,"column":37}}},"8":{"name":"(anonymous_8)","line":55,"loc":{"start":{"line":55,"column":25},"end":{"line":55,"column":44}}},"9":{"name":"(anonymous_9)","line":57,"loc":{"start":{"line":57,"column":41},"end":{"line":57,"column":55}}},"10":{"name":"(anonymous_10)","line":59,"loc":{"start":{"line":59,"column":22},"end":{"line":59,"column":38}}},"11":{"name":"(anonymous_11)","line":65,"loc":{"start":{"line":65,"column":33},"end":{"line":65,"column":52}}},"12":{"name":"(anonymous_12)","line":66,"loc":{"start":{"line":66,"column":45},"end":{"line":66,"column":61}}},"13":{"name":"(anonymous_13)","line":68,"loc":{"start":{"line":68,"column":16},"end":{"line":68,"column":32}}}},"statementMap":{"1":{"start":{"line":1,"column":0},"end":{"line":1,"column":33}},"2":{"start":{"line":2,"column":0},"end":{"line":2,"column":39}},"3":{"start":{"line":3,"column":0},"end":{"line":3,"column":31}},"4":{"start":{"line":6,"column":0},"end":{"line":10,"column":3}},"5":{"start":{"line":7,"column":4},"end":{"line":7,"column":51}},"6":{"start":{"line":8,"column":4},"end":{"line":8,"column":67}},"7":{"start":{"line":9,"column":4},"end":{"line":9,"column":11}},"8":{"start":{"line":13,"column":0},"end":{"line":15,"column":3}},"9":{"start":{"line":14,"column":4},"end":{"line":14,"column":36}},"10":{"start":{"line":20,"column":0},"end":{"line":52,"column":5}},"11":{"start":{"line":23,"column":6},"end":{"line":33,"column":7}},"12":{"start":{"line":25,"column":8},"end":{"line":25,"column":57}},"13":{"start":{"line":26,"column":13},"end":{"line":33,"column":7}},"14":{"start":{"line":27,"column":8},"end":{"line":27,"column":91}},"15":{"start":{"line":27,"column":41},"end":{"line":27,"column":91}},"16":{"start":{"line":28,"column":8},"end":{"line":28,"column":51}},"17":{"start":{"line":30,"column":10},"end":{"line":32,"column":11}},"18":{"start":{"line":31,"column":12},"end":{"line":31,"column":27}},"19":{"start":{"line":36,"column":4},"end":{"line":36,"column":24}},"20":{"start":{"line":38,"column":4},"end":{"line":51,"column":7}},"21":{"start":{"line":39,"column":6},"end":{"line":50,"column":7}},"22":{"start":{"line":40,"column":8},"end":{"line":40,"column":24}},"23":{"start":{"line":42,"column":8},"end":{"line":42,"column":31}},"24":{"start":{"line":43,"column":8},"end":{"line":49,"column":11}},"25":{"start":{"line":44,"column":10},"end":{"line":48,"column":11}},"26":{"start":{"line":45,"column":12},"end":{"line":45,"column":38}},"27":{"start":{"line":47,"column":12},"end":{"line":47,"column":79}},"28":{"start":{"line":55,"column":0},"end":{"line":62,"column":7}},"29":{"start":{"line":56,"column":8},"end":{"line":56,"column":62}},"30":{"start":{"line":57,"column":8},"end":{"line":61,"column":11}},"31":{"start":{"line":58,"column":12},"end":{"line":58,"column":26}},"32":{"start":{"line":60,"column":10},"end":{"line":60,"column":26}},"33":{"start":{"line":65,"column":0},"end":{"line":71,"column":3}},"34":{"start":{"line":66,"column":2},"end":{"line":70,"column":5}},"35":{"start":{"line":67,"column":4},"end":{"line":67,"column":20}},"36":{"start":{"line":69,"column":4},"end":{"line":69,"column":20}},"37":{"start":{"line":73,"column":0},"end":{"line":73,"column":24}}},"branchMap":{"1":{"line":23,"type":"if","locations":[{"start":{"line":23,"column":6},"end":{"line":23,"column":6}},{"start":{"line":23,"column":6},"end":{"line":23,"column":6}}]},"2":{"line":26,"type":"if","locations":[{"start":{"line":26,"column":13},"end":{"line":26,"column":13}},{"start":{"line":26,"column":13},"end":{"line":26,"column":13}}]},"3":{"line":27,"type":"if","locations":[{"start":{"line":27,"column":8},"end":{"line":27,"column":8}},{"start":{"line":27,"column":8},"end":{"line":27,"column":8}}]},"4":{"line":39,"type":"if","locations":[{"start":{"line":39,"column":6},"end":{"line":39,"column":6}},{"start":{"line":39,"column":6},"end":{"line":39,"column":6}}]},"5":{"line":44,"type":"if","locations":[{"start":{"line":44,"column":10},"end":{"line":44,"column":10}},{"start":{"line":44,"column":10},"end":{"line":44,"column":10}}]}}}}