TN:
SF:/home/jordan/Documents/Developpements/pitly-mongoose/app.js
FN:31,(anonymous_1)
FN:42,(anonymous_2)
FN:53,(anonymous_3)
FNF:3
FNH:2
FNDA:1,(anonymous_1)
FNDA:1,(anonymous_2)
FNDA:0,(anonymous_3)
DA:1,1
DA:2,1
DA:3,1
DA:4,1
DA:5,1
DA:6,1
DA:8,1
DA:9,1
DA:10,1
DA:12,1
DA:14,1
DA:16,1
DA:17,1
DA:21,1
DA:22,1
DA:23,1
DA:24,1
DA:25,1
DA:27,1
DA:28,1
DA:31,1
DA:32,1
DA:33,1
DA:34,1
DA:41,1
DA:42,1
DA:43,1
DA:44,1
DA:53,1
DA:54,0
DA:55,0
DA:62,1
LF:32
LH:30
BRDA:41,1,0,1
BRDA:41,1,1,0
BRDA:43,2,0,1
BRDA:43,2,1,0
BRDA:54,3,0,0
BRDA:54,3,1,0
BRF:6
BRH:2
end_of_record
TN:
SF:/home/jordan/Documents/Developpements/pitly-mongoose/routes/index.js
FN:6,(anonymous_1)
FN:12,(anonymous_2)
FN:13,(anonymous_3)
FN:15,(anonymous_4)
FNF:4
FNH:2
FNDA:0,(anonymous_1)
FNDA:1,(anonymous_2)
FNDA:1,(anonymous_3)
FNDA:0,(anonymous_4)
DA:1,1
DA:2,1
DA:3,1
DA:6,1
DA:7,0
DA:12,1
DA:13,1
DA:14,1
DA:16,0
DA:20,1
LF:10
LH:8
BRF:0
BRH:0
end_of_record
TN:
SF:/home/jordan/Documents/Developpements/pitly-mongoose/models/Url.js
FN:12,(anonymous_1)
FN:14,(anonymous_2)
FN:20,(anonymous_3)
FN:24,(anonymous_4)
FN:28,(anonymous_5)
FN:32,(anonymous_6)
FN:43,(anonymous_7)
FNF:7
FNH:7
FNDA:22,(anonymous_1)
FNDA:22,(anonymous_2)
FNDA:2,(anonymous_3)
FNDA:5,(anonymous_4)
FNDA:3,(anonymous_5)
FNDA:24,(anonymous_6)
FNDA:2,(anonymous_7)
DA:1,1
DA:2,1
DA:3,1
DA:4,1
DA:7,1
DA:12,1
DA:13,22
DA:14,22
DA:15,22
DA:16,22
DA:20,1
DA:21,2
DA:24,1
DA:25,5
DA:28,1
DA:29,3
DA:32,1
DA:33,24
DA:34,0
DA:35,0
DA:37,24
DA:39,24
DA:40,24
DA:41,22
DA:43,2
DA:44,2
DA:49,1
DA:52,1
DA:53,1
DA:55,0
DA:58,1
LF:31
LH:28
BRDA:33,1,0,0
BRDA:33,1,1,24
BRDA:37,2,0,24
BRDA:37,2,1,24
BRDA:40,3,0,22
BRDA:40,3,1,2
BRDA:40,4,0,24
BRDA:40,4,1,22
BRF:8
BRH:7
end_of_record
TN:
SF:/home/jordan/Documents/Developpements/pitly-mongoose/routes/api.js
FN:6,(anonymous_1)
FN:13,(anonymous_2)
FN:21,(anonymous_3)
FN:30,(anonymous_4)
FN:35,(anonymous_5)
FN:38,(anonymous_6)
FN:43,(anonymous_7)
FN:55,(anonymous_8)
FN:57,(anonymous_9)
FN:59,(anonymous_10)
FN:65,(anonymous_11)
FN:66,(anonymous_12)
FN:68,(anonymous_13)
FNF:13
FNH:10
FNDA:0,(anonymous_1)
FNDA:1,(anonymous_2)
FNDA:4,(anonymous_3)
FNDA:1,(anonymous_4)
FNDA:3,(anonymous_5)
FNDA:3,(anonymous_6)
FNDA:2,(anonymous_7)
FNDA:1,(anonymous_8)
FNDA:1,(anonymous_9)
FNDA:0,(anonymous_10)
FNDA:1,(anonymous_11)
FNDA:1,(anonymous_12)
FNDA:0,(anonymous_13)
DA:1,1
DA:2,1
DA:3,1
DA:6,1
DA:7,0
DA:8,0
DA:9,0
DA:13,1
DA:14,1
DA:20,1
DA:23,4
DA:25,1
DA:26,3
DA:27,2
DA:28,2
DA:30,1
DA:31,1
DA:36,3
DA:38,3
DA:39,3
DA:40,1
DA:42,2
DA:43,2
DA:44,2
DA:45,0
DA:47,2
DA:55,1
DA:56,1
DA:57,1
DA:58,1
DA:60,0
DA:65,1
DA:66,1
DA:67,1
DA:69,0
DA:73,1
LF:36
LH:30
BRDA:23,1,0,1
BRDA:23,1,1,3
BRDA:26,2,0,2
BRDA:26,2,1,1
BRDA:27,3,0,2
BRDA:27,3,1,0
BRDA:39,4,0,1
BRDA:39,4,1,2
BRDA:44,5,0,0
BRDA:44,5,1,2
BRF:10
BRH:8
end_of_record
