TN:
SF:/home/jordan/Documents/Developpements/pitly-mongoose/app.js
FN:31,(anonymous_1)
FN:42,(anonymous_2)
FN:53,(anonymous_3)
FNF:3
FNH:2
FNDA:1,(anonymous_1)
FNDA:1,(anonymous_2)
FNDA:0,(anonymous_3)
DA:1,1
DA:2,1
DA:3,1
DA:4,1
DA:5,1
DA:6,1
DA:8,1
DA:9,1
DA:10,1
DA:12,1
DA:14,1
DA:16,1
DA:17,1
DA:21,1
DA:22,1
DA:23,1
DA:24,1
DA:25,1
DA:27,1
DA:28,1
DA:31,1
DA:32,1
DA:33,1
DA:34,1
DA:41,1
DA:42,1
DA:43,1
DA:44,1
DA:53,1
DA:54,0
DA:55,0
DA:62,1
LF:32
LH:30
BRDA:41,1,0,1
BRDA:41,1,1,0
BRDA:43,2,0,1
BRDA:43,2,1,0
BRDA:54,3,0,0
BRDA:54,3,1,0
BRF:6
BRH:2
end_of_record
TN:
SF:/home/jordan/Documents/Developpements/pitly-mongoose/routes/index.js
FN:6,(anonymous_1)
FN:12,(anonymous_2)
FN:13,(anonymous_3)
FN:15,(anonymous_4)
FNF:4
FNH:2
FNDA:0,(anonymous_1)
FNDA:1,(anonymous_2)
FNDA:1,(anonymous_3)
FNDA:0,(anonymous_4)
DA:1,1
DA:2,1
DA:3,1
DA:6,1
DA:7,0
DA:12,1
DA:13,1
DA:14,1
DA:16,0
DA:20,1
LF:10
LH:8
BRF:0
BRH:0
end_of_record
TN:
SF:/home/jordan/Documents/Developpements/pitly-mongoose/models/Url.js
FN:12,(anonymous_1)
FN:14,(anonymous_2)
FN:20,(anonymous_3)
FN:24,(anonymous_4)
FN:28,(anonymous_5)
FN:32,(anonymous_6)
FN:43,(anonymous_7)
FNF:7
FNH:7
FNDA:22,(anonymous_1)
FNDA:22,(anonymous_2)
FNDA:2,(anonymous_3)
FNDA:5,(anonymous_4)
FNDA:3,(anonymous_5)
FNDA:24,(anonymous_6)
FNDA:2,(anonymous_7)
DA:1,1
DA:2,1
DA:3,1
DA:4,1
DA:7,1
DA:12,1
DA:13,22
DA:14,22
DA:15,22
DA:16,22
DA:20,1
DA:21,2
DA:24,1
DA:25,5
DA:28,1
DA:29,3
DA:32,1
DA:33,24
DA:34,0
DA:35,0
DA:37,24
DA:39,24
DA:40,24
DA:41,22
DA:43,2
DA:44,2
DA:49,1
DA:52,1
DA:53,1
DA:55,0
DA:58,1
LF:31
LH:28
BRDA:33,1,0,0
BRDA:33,1,1,24
BRDA:37,2,0,24
BRDA:37,2,1,24
BRDA:40,3,0,22
BRDA:40,3,1,2
BRDA:40,4,0,24
BRDA:40,4,1,22
BRF:8
BRH:7
end_of_record
TN:
SF:/home/jordan/Documents/Developpements/pitly-mongoose/routes/api.js
FN:9,(anonymous_1)
FN:16,(anonymous_2)
FN:31,(anonymous_3)
FNF:3
FNH:1
FNDA:0,(anonymous_1)
FNDA:0,(anonymous_2)
FNDA:1,(anonymous_3)
DA:1,1
DA:2,1
DA:3,1
DA:5,1
DA:6,1
DA:9,1
DA:10,0
DA:11,0
DA:12,0
DA:16,1
DA:17,0
DA:18,0
DA:19,0
DA:20,0
DA:22,0
DA:31,1
DA:32,1
DA:35,1
DA:36,1
DA:38,1
LF:20
LH:12
BRDA:19,1,0,0
BRDA:19,1,1,0
BRF:2
BRH:0
end_of_record
TN:
SF:/home/jordan/Documents/Developpements/pitly-mongoose/routes/api/urls.js
FN:10,(anonymous_1)
FN:19,(anonymous_2)
FN:24,(anonymous_3)
FN:27,(anonymous_4)
FN:32,(anonymous_5)
FN:44,(anonymous_6)
FN:46,(anonymous_7)
FN:48,(anonymous_8)
FNF:8
FNH:7
FNDA:4,(anonymous_1)
FNDA:1,(anonymous_2)
FNDA:3,(anonymous_3)
FNDA:3,(anonymous_4)
FNDA:2,(anonymous_5)
FNDA:1,(anonymous_6)
FNDA:1,(anonymous_7)
FNDA:0,(anonymous_8)
DA:1,1
DA:2,1
DA:3,1
DA:9,1
DA:12,4
DA:14,1
DA:15,3
DA:16,2
DA:17,2
DA:19,1
DA:20,1
DA:25,3
DA:27,3
DA:28,3
DA:29,1
DA:31,2
DA:32,2
DA:33,2
DA:34,0
DA:36,2
DA:44,1
DA:45,1
DA:46,1
DA:47,1
DA:49,0
DA:54,1
LF:26
LH:24
BRDA:12,1,0,1
BRDA:12,1,1,3
BRDA:15,2,0,2
BRDA:15,2,1,1
BRDA:16,3,0,2
BRDA:16,3,1,0
BRDA:28,4,0,1
BRDA:28,4,1,2
BRDA:33,5,0,0
BRDA:33,5,1,2
BRF:10
BRH:8
end_of_record
TN:
SF:/home/jordan/Documents/Developpements/pitly-mongoose/routes/api/shortens.js
FN:6,(anonymous_1)
FN:7,(anonymous_2)
FN:9,(anonymous_3)
FNF:3
FNH:2
FNDA:1,(anonymous_1)
FNDA:1,(anonymous_2)
FNDA:0,(anonymous_3)
DA:1,1
DA:2,1
DA:3,1
DA:6,1
DA:7,1
DA:8,1
DA:10,0
DA:14,1
LF:8
LH:7
BRF:0
BRH:0
end_of_record
TN:
SF:/home/jordan/Documents/Developpements/pitly-mongoose/models/User.js
FN:5,validateEmail
FN:23,(anonymous_2)
FN:28,(anonymous_3)
FN:34,(anonymous_4)
FN:43,(anonymous_5)
FNF:5
FNH:4
FNDA:2,validateEmail
FNDA:2,(anonymous_2)
FNDA:2,(anonymous_3)
FNDA:2,(anonymous_4)
FNDA:0,(anonymous_5)
DA:1,1
DA:2,1
DA:3,1
DA:5,1
DA:6,2
DA:7,2
DA:10,1
DA:23,1
DA:24,2
DA:25,2
DA:28,1
DA:29,2
DA:30,2
DA:33,2
DA:34,2
DA:35,2
DA:36,2
DA:43,1
DA:44,0
DA:47,1
DA:49,1
DA:50,1
DA:52,0
DA:56,1
LF:24
LH:22
BRF:0
BRH:0
end_of_record
